

Version:	3.14
CmdLine:	D:\All JAVA Project\ABC_Institute1\setup\ABC_Institute.exe --l4j-debug
WOW64:		yes
Working dir:	D:\All JAVA Project\ABC_Institute1\setup\.
Java min ver:	1.008.000_111
Java max ver:	1.012.000_000
64-bit search:	SOFTWARE\JavaSoft\Java Runtime Environment...
Check:		SOFTWARE\JavaSoft\Java Runtime Environment\1.8
Ignore:		1.008.000
Check:		SOFTWARE\JavaSoft\Java Runtime Environment\1.8.0_51
Ignore:		1.008.000_051
32-bit search:	SOFTWARE\JavaSoft\Java Runtime Environment...
64-bit search:	SOFTWARE\JavaSoft\Java Development Kit...
32-bit search:	SOFTWARE\JavaSoft\Java Development Kit...
64-bit search:	SOFTWARE\JavaSoft\JRE...
32-bit search:	SOFTWARE\JavaSoft\JRE...
64-bit search:	SOFTWARE\JavaSoft\JDK...
Check:		SOFTWARE\JavaSoft\JDK\11.0.15
Check launcher:	C:\Program Files\Java\jdk-11.0.15\bin\javaw.exe (OK)
Match:		1.011.000_015
Check:		SOFTWARE\JavaSoft\JDK\12.0.2
Ignore:		1.012.000_002
Runtime used:	1.011.000_015 (64-bit)
Launcher:	C:\Program Files\Java\jdk-11.0.15\bin\javaw.exe
Launcher args:	-jar "D:\All JAVA Project\ABC_Institute1\setup\ABC_Institute.exe"
Args length:	65/32768 chars
Exit code:	0


Version:	3.14
CmdLine:	D:\All JAVA Project\ABC_Institute1\setup\ABC_Institute.exe --l4j-debug
WOW64:		yes
Working dir:	D:\All JAVA Project\ABC_Institute1\setup\.
Java min ver:	1.008.000_111
Java max ver:	1.012.000_000
64-bit search:	SOFTWARE\JavaSoft\Java Runtime Environment...
Check:		SOFTWARE\JavaSoft\Java Runtime Environment\1.8
Ignore:		1.008.000
Check:		SOFTWARE\JavaSoft\Java Runtime Environment\1.8.0_51
Ignore:		1.008.000_051
32-bit search:	SOFTWARE\JavaSoft\Java Runtime Environment...
64-bit search:	SOFTWARE\JavaSoft\Java Development Kit...
32-bit search:	SOFTWARE\JavaSoft\Java Development Kit...
64-bit search:	SOFTWARE\JavaSoft\JRE...
32-bit search:	SOFTWARE\JavaSoft\JRE...
64-bit search:	SOFTWARE\JavaSoft\JDK...
Check:		SOFTWARE\JavaSoft\JDK\11.0.15
Check launcher:	C:\Program Files\Java\jdk-11.0.15\bin\javaw.exe (OK)
Match:		1.011.000_015
Check:		SOFTWARE\JavaSoft\JDK\12.0.2
Ignore:		1.012.000_002
Runtime used:	1.011.000_015 (64-bit)
Launcher:	C:\Program Files\Java\jdk-11.0.15\bin\javaw.exe
Launcher args:	-jar "D:\All JAVA Project\ABC_Institute1\setup\ABC_Institute.exe"
Args length:	65/32768 chars
Exit code:	0


Version:	3.14
CmdLine:	D:\All JAVA Project\ABC_Institute1\setup\ABC_Institute.exe --l4j-debug
WOW64:		yes
Working dir:	D:\All JAVA Project\ABC_Institute1\setup\.
Java min ver:	1.008.000_111
Java max ver:	1.012.000_000
64-bit search:	SOFTWARE\JavaSoft\Java Runtime Environment...
Check:		SOFTWARE\JavaSoft\Java Runtime Environment\1.8
Ignore:		1.008.000
Check:		SOFTWARE\JavaSoft\Java Runtime Environment\1.8.0_51
Ignore:		1.008.000_051
32-bit search:	SOFTWARE\JavaSoft\Java Runtime Environment...
64-bit search:	SOFTWARE\JavaSoft\Java Development Kit...
32-bit search:	SOFTWARE\JavaSoft\Java Development Kit...
64-bit search:	SOFTWARE\JavaSoft\JRE...
32-bit search:	SOFTWARE\JavaSoft\JRE...
64-bit search:	SOFTWARE\JavaSoft\JDK...
Check:		SOFTWARE\JavaSoft\JDK\11.0.15
Check launcher:	C:\Program Files\Java\jdk-11.0.15\bin\javaw.exe (OK)
Match:		1.011.000_015
Check:		SOFTWARE\JavaSoft\JDK\12.0.2
Ignore:		1.012.000_002
Runtime used:	1.011.000_015 (64-bit)
Launcher:	C:\Program Files\Java\jdk-11.0.15\bin\javaw.exe
Launcher args:	-jar "D:\All JAVA Project\ABC_Institute1\setup\ABC_Institute.exe"
Args length:	65/32768 chars
Exit code:	0


Version:	3.14
CmdLine:	D:\All JAVA Project\ABC_Institute1\setup\ABC_Institute.exe --l4j-debug
WOW64:		yes
Working dir:	D:\All JAVA Project\ABC_Institute1\setup\.
Java min ver:	1.008.000_111
Java max ver:	1.012.000_000
64-bit search:	SOFTWARE\JavaSoft\Java Runtime Environment...
Check:		SOFTWARE\JavaSoft\Java Runtime Environment\1.8
Ignore:		1.008.000
Check:		SOFTWARE\JavaSoft\Java Runtime Environment\1.8.0_51
Ignore:		1.008.000_051
32-bit search:	SOFTWARE\JavaSoft\Java Runtime Environment...
64-bit search:	SOFTWARE\JavaSoft\Java Development Kit...
32-bit search:	SOFTWARE\JavaSoft\Java Development Kit...
64-bit search:	SOFTWARE\JavaSoft\JRE...
32-bit search:	SOFTWARE\JavaSoft\JRE...
64-bit search:	SOFTWARE\JavaSoft\JDK...
Check:		SOFTWARE\JavaSoft\JDK\11.0.15
Check launcher:	C:\Program Files\Java\jdk-11.0.15\bin\javaw.exe (OK)
Match:		1.011.000_015
Check:		SOFTWARE\JavaSoft\JDK\12.0.2
Ignore:		1.012.000_002
Runtime used:	1.011.000_015 (64-bit)
Launcher:	C:\Program Files\Java\jdk-11.0.15\bin\javaw.exe
Launcher args:	-jar "D:\All JAVA Project\ABC_Institute1\setup\ABC_Institute.exe"
Args length:	65/32768 chars
Exit code:	0
